{
  "name": "laison-flowform",
  "version": "0.0.1",
  "private": false,
  "main": "dist/laison-flowform.umd.js",
  "scripts": {
    "serve": "vue-cli-service serve",
    "pkg": "vue-cli-service build --target lib index.js --name laison-flowform --dest dist",
    "build:component": "rollup --config build/rollup.config.js --format es"
  },
  "dependencies": {
    "ant-design-vue": "1.7.8",
    "axios": "^0.18.0",
    "babel-polyfill": "^6.26.0",
    "bpmn-moddle": "^7.1.2",
    "clipboard": "2.0.4",
    "codemirror": "^5.63.3",
    "diagram-js": "^11.12.0",
    "diagram-js-origin": "^1.3.2",
    "less": "3.9.0",
    "less-loader": "4.1.0",
    "lodash": "^4.17.21",
    "lodash.get": "^4.4.2",
    "lodash.pick": "^4.4.0",
    "moment": "2.29.1",
    "quill": "1.3.4",
    "quill-magic-url": "4.1.4",
    "vcolorpicker": "1.1.0",
    "vue-codemirror-lite": "^1.0.4",
    "vue-i18n": "^8.7.0",
    "vue-quill-editor": "3.0.6",
    "vuedraggable": "^2.23.2",
    "webpack": "5",
    "xml-js": "1.6.11",
    // 一下bpmn-process-design 所需依赖
    "@bpmn-io/add-exporter": "^0.2.0",
    "@bpmn-io/element-template-chooser": "^0.0.5",
    "@bpmn-io/properties-panel": "^0.20.3",
    "bpmn-js": "^9.4.1",
    "bpmn-js-bpmnlint": "^0.19.0",
    "bpmn-js-connectors-extension": "^0.4.1",
    "bpmn-js-properties-panel": "^1.6.1",
    "bpmn-js-token-simulation": "^0.27.0",
    "bpmnlint": "^7.8.0",
    "camunda-bpmn-moddle": "^7.0.1",
    "core-js": "^3.8.1",
    "diagram-js-minimap": "^2.1.1",
    "element-ui": "^2.15.10",
    "highlight.js": "^10.5.0",
    "lodash.debounce": "^4.0.8",
    "lucide-vue": "^0.89.0",
    "min-dash": "^3.5.2",
    "vue": "^2.6.11",
    "vue-router": "^3.4.9",
    "vuex": "^3.6.2"
  },
  "devDependencies": {
    "@babel/preset-env": "^7.21.4",
    "@rollup/plugin-babel": "^6.0.3",
    "@rollup/plugin-commonjs": "^24.0.1",
    "@rollup/plugin-node-resolve": "^15.0.1",
    "@rollup/plugin-terser": "^0.4.0",
    "bpmn-js": "^7.4.0",
    "bpmn-js-properties-panel": "^0.37.2",
    "camunda-bpmn-moddle": "^4.4.1",
    "postcss": "^8.4.21",
    "rollup": "^2.36.1",
    "rollup-plugin-vue": "^5.1.9",
    
    // 一下bpmn-process-design 所需依赖
    
    "@babel/core": "^7.12.16",
    "@babel/eslint-parser": "^7.12.16",
    "@vue/cli-plugin-babel": "~5.0.0",
    "@vue/cli-plugin-eslint": "~5.0.0",
    "@vue/cli-plugin-router": "~5.0.0",
    "@vue/cli-plugin-vuex": "~5.0.0",
    "@vue/cli-service": "~5.0.0",
    "eslint": "^7.32.0",
    "eslint-config-prettier": "^8.3.0",
    "eslint-plugin-prettier": "^4.0.0",
    "eslint-plugin-vue": "^8.0.3",
    "lint-staged": "^11.1.2",
    "prettier": "^2.4.1",
    "sass": "^1.32.7",
    "sass-loader": "^12.0.0",
    "svg-sprite-loader": "^6.0.11",
    "vue-template-compiler": "^2.6.14"
  },
  "browserslist": [
    "> 1%",
    "last 2 versions",
    "not dead"
  ],
  "engines": {
    "node": ">=12"
  }
}